Loading data...
Beginning to train...
0 291.3246722705662 0.2159331075268407 0.9307354838709677 0.3893795402072048 0.876522469550609
19375 4762
1 291.1691034818068 0.15507100323092554 0.9470451612903226 0.386142605908625 0.8723225535489291
19375 4762
2 290.60791871417314 0.151097142382591 0.9482838709677419 0.30740744833033007 0.9109617807643847
19375 4762
3 290.76604804582894 0.1263128753292945 0.9571096774193548 0.23941941173173759 0.9187316253674926
19375 4762
4 290.0316484365612 0.1308267624024422 0.9543741935483872 0.24265909704377 0.9145317093658126
19375 4762
5 291.0218357220292 0.12381025470610588 0.9565935483870968 0.23715805385304017 0.9126417471650567
19375 4762
6 290.8236721660942 0.12009156313250141 0.9589161290322581 0.29042385673132426 0.8926921461570768
19375 4762
7 290.5365532450378 0.11858797435760499 0.9581419354838709 0.22515999327082437 0.9164216715665686
19375 4762
8 286.4384695459157 0.1178781220959079 0.9592258064516129 0.1965421708703592 0.9290214195716086
19375 4762
9 286.7794438879937 0.1099131861040669 0.9621161290322581 0.18658741879292967 0.9258714825703486
19375 4762
19375 4762
Training complete...
Saving model...
Generating figure...
