Loading data...
Beginning to train...
0 294.9728217916563 0.31491420366225703 0.8895483870967742 0.40665628931593467 0.8561528769424611
19375 4762
1 293.7761114547029 0.2454915558076674 0.9113290322580645 0.44601149176760213 0.8439731205375892
19375 4762
2 293.6167548503727 0.24370679975632698 0.9090064516129033 0.7452575732233744 0.8267534649307013
19375 4762
3 293.6155645977706 0.24153861490372688 0.9158709677419354 0.34175208198428403 0.868332633347333
19375 4762
4 293.8363567152992 0.22922924116811444 0.9192258064516129 0.49000727534544464 0.8292734145317093
19375 4762
5 293.57472866680473 0.24054256249089395 0.9144258064516129 0.35692103501880235 0.8674926501469971
19375 4762
6 293.96973783895373 0.2313842734429144 0.9160774193548387 0.3546803764614023 0.8653926921461571
19375 4762
7 293.84288343414664 0.2344333925585593 0.9134967741935484 0.3134078875978871 0.8821923561528769
19375 4762
8 288.77411979530007 0.23015858882165724 0.9174193548387096 0.4008418624389076 0.8597228055438891
19375 4762
9 287.8901559924707 0.2317635070739254 0.9155096774193549 0.3653910591140709 0.862662746745065
19375 4762
19375 4762
Training complete...
Saving model...
Generating figure...
