Loading data...
Beginning to train...
0 292.80031659360975 0.2509852757700028 0.9125161290322581 0.5352429538802508 0.8315833683326334
19375 4762
1 291.5862349141389 0.1795326801576922 0.9369806451612903 0.3127728707522016 0.876522469550609
19375 4762
2 291.5862482553348 0.1671890382336032 0.9404903225806451 0.4404091403820794 0.8460730785384293
19375 4762
3 291.4792694011703 0.1633787999583829 0.9404387096774194 0.42854108358821363 0.8494330113397732
19375 4762
4 291.88545633200556 0.16278197432179606 0.9408516129032258 0.3156759227989402 0.8878622427551449
19375 4762
5 291.34218126442283 0.15032001974967218 0.9444645161290323 0.42866041977232316 0.8653926921461571
19375 4762
6 291.7929310221225 0.14279005058350103 0.9489548387096775 0.23528964299957375 0.9086518269634607
19375 4762
7 291.77887014392763 0.14434540223152406 0.9471483870967742 0.2412567925097711 0.9109617807643847
19375 4762
8 285.7840524241328 0.14288485994954264 0.947458064516129 0.21669135590352614 0.9208315833683326
19375 4762
9 286.1484476523474 0.1352104097643206 0.9506064516129032 0.2031435937452897 0.9197816043679127
19375 4762
19375 4762
Training complete...
Saving model...
Generating figure...
