Loading data...
Beginning to train...
0 289.49842844251543 0.30315151400104645 0.8998709677419355 0.27085188251490955 0.8981520369592608
19375 4762
1 288.60822179261595 0.2517443217769746 0.9144258064516129 0.2794653318700346 0.8901721965560688
19375 4762
2 288.48164341878146 0.2447356932916949 0.9136 0.32436658839426435 0.8897522049559009
19375 4762
3 288.4283228730783 0.24464745244979857 0.915458064516129 0.36392009523624835 0.870012599748005
19375 4762
4 288.63189616054296 0.24248727267480666 0.9168 0.35384084009563455 0.8643427131457371
19375 4762
5 288.4719286588952 0.23018228904662594 0.9196903225806452 0.32447084556703354 0.881352372952541
19375 4762
6 288.83435965981334 0.2353313446998596 0.9175225806451613 0.2924906709448523 0.8878622427551449
19375 4762
7 288.6972640780732 0.23276366767575665 0.918141935483871 0.31503073518789904 0.875262494750105
19375 4762
8 284.21360328793526 0.22475571815429196 0.9194322580645161 0.2927789102577953 0.8897522049559009
19375 4762
9 284.32518510334194 0.23491489113223168 0.9170064516129032 0.2998667143939273 0.8947921041579169
19375 4762
19375 4762
Training complete...
Saving model...
Generating figure...
