Loading data...
Beginning to train...
0 225.28704024013132 0.2786058131979755 0.909103553793727 0.5999890507770788 0.8434747798238591
14379 4996
1 229.95901565626264 0.22880264337590608 0.9216913554489186 2.342373738570916 0.8116493194555644
14379 4996
2 228.39619072619826 0.23041496508824028 0.9184226997704986 1.1617721968812882 0.8062449959967974
14379 4996
3 226.1913785636425 0.22623274275171995 0.9241950066068573 2.48044608069287 0.7902321857485989
14379 4996
4 225.03022033628076 0.23109186477029064 0.9233604562208777 4.026875269661148 0.7918334667734187
14379 4996
5 228.90457322262228 0.239861006062405 0.9206481674664441 1.9280738712335415 0.8032425940752602
14379 4996
6 228.49218381382525 0.2239563679718343 0.9214131719869254 3.148704765747794 0.7896317053642914
14379 4996
7 225.90876506175846 0.22572435590038462 0.9210654426594339 2.586987011224103 0.8084467574059248
14379 4996
8 222.59333037771285 0.22648155945001835 0.9225259058348981 2.7630694719364013 0.7768214571657326
14379 4996
9 224.88942922651768 0.22474605462275707 0.9218999930454135 2.785475953375463 0.7804243394715773
14379 4996
10 227.40276230219752 0.22633127365252248 0.918979066694485 2.925740542127382 0.7900320256204963
14379 4996
11 223.29304391797632 0.22061487892024068 0.9242645524723555 2.508346069505732 0.7970376301040832
14379 4996
12 222.1608570124954 0.21207866946267553 0.9251686487238334 2.049937452933042 0.7966373098478783
14379 4996
13 221.89292337652296 0.22373306143971128 0.9231518186243828 1.0867780660084478 0.8256605284227382
14379 4996
14 226.46842799708247 0.21041900879136793 0.927185478823284 2.7983294237103817 0.7858286629303443
14379 4996
15 225.57496977876872 0.2151140902509808 0.9260031991098129 1.4660868817825523 0.8090472377902321
14379 4996
16 224.37047834601253 0.20804995736124718 0.9247513735308436 1.0154804936211237 0.8232586068855084
14379 4996
17 222.30632581654936 0.22147783404290655 0.9237777314138674 2.814595990962654 0.7882305844675741
14379 4996
18 224.64505486097187 0.21485423358609756 0.9234300020863759 1.0046926393830558 0.8230584467574059
14379 4996
19 227.17178697418422 0.20687023455397427 0.9262118367063078 0.8835736578516811 0.8324659727782225
14379 4996
20 224.19597906060517 0.20627543748241695 0.9287154878642465 1.551139845716371 0.7816253002401922
14379 4996
21 224.64029228966683 0.20289812303814755 0.9271159329577856 0.5720587748947671 0.833466773418735
14379 4996
22 225.47211169544607 0.21330976100282664 0.9205786216009458 0.6516613091489045 0.839671737389912
14379 4996
23 229.1484176274389 0.21221940847305057 0.9236386396828709 0.7273209977617638 0.8326661329063251
14379 4996
24 227.11809518560767 0.20194614069942174 0.9270463870922874 1.4201374841008403 0.8152522017614091
14379 4996
14379 4996
Training complete...
Saving model...
Generating figure...
