Loading data...
Beginning to train...
0 133.25592641998082 0.34511001095746713 0.8896819434009516 0.289161745894118 0.8902377339403136
7986 1977
1 130.9426856301725 0.2042694860775907 0.9262459303781618 0.4553756160632371 0.8700050581689428
7986 1977
2 130.42684762831777 0.21672675856933718 0.9282494365138994 0.37610474993137016 0.8861911987860395
7986 1977
3 131.0792381092906 0.18888511434253402 0.9338842975206612 0.6078118868530189 0.8507840161861406
7986 1977
4 130.44446626584977 0.19448102839363865 0.9363886801903331 0.47403777140104597 0.8583712696004047
7986 1977
5 128.71200713608414 0.1893948344189572 0.9297520661157025 0.3113420376828299 0.9059180576631259
7986 1977
6 128.71514971088618 0.17834717227855543 0.9352617079889807 0.2585352651989695 0.9074355083459787
7986 1977
7 128.03280913364142 0.18508817453656673 0.9313799148509893 0.24506233738839897 0.9180576631259484
7986 1977
8 128.4750688513741 0.17116399695632634 0.9418983220636113 0.223213490387015 0.9236216489630754
7986 1977
9 128.36034304462373 0.15271150800867125 0.944778362133734 0.21210020283104256 0.9301972685887708
7986 1977
7986 1977
Training complete...
Saving model...
Generating figure...
