Loading data...
Beginning to train...
0 124.27683611493558 0.3507117209445257 0.8772852491860756 1.4966900454486447 0.7577137076378351
7986 1977
1 123.28611355368048 0.2603144001354707 0.9099674430252943 0.4929612146885514 0.8416793120890238
7986 1977
2 122.2888985350728 0.22694375861744936 0.9212371650388179 0.3209653735824106 0.887202832574608
7986 1977
3 121.97461783140898 0.22406321844599641 0.9204858502379164 0.2556650229156409 0.9084471421345472
7986 1977
4 121.8899617837742 0.21160113885382975 0.9276233408464813 0.3005824587112373 0.8988366211431462
7986 1977
5 122.99425358511508 0.23326334694618275 0.9191084397695968 0.40528271049939446 0.8679817905918058
7986 1977
6 122.69311518408358 0.19789454281225619 0.9286250939143501 0.7304728826791516 0.849772382397572
7986 1977
7 122.79353973828256 0.19215726841221528 0.9316303531179564 0.3760707270152411 0.8902377339403136
7986 1977
8 122.81731046084315 0.19910327929349403 0.9306286000500876 0.292730689802493 0.9084471421345472
7986 1977
9 123.29135801270604 0.17763156073451072 0.9353869271224643 0.236953903522887 0.9129994941831057
7986 1977
7986 1977
Training complete...
Saving model...
Generating figure...
