Loading data...
Beginning to train...
0 125.06381061859429 0.35163475725694376 0.8772852491860756 0.47721273747127224 0.829033889731917
7986 1977
1 124.20669977925718 0.2923232805242283 0.8975707488104182 0.44281759151136507 0.8356095093576126
7986 1977
2 123.0893126623705 0.28387124240473044 0.8978211870773855 0.3815036915020323 0.8573596358118362
7986 1977
3 122.73704930953681 0.2808119635996352 0.8981968444778362 0.4028413339461952 0.8447142134547294
7986 1977
4 122.79912873823196 0.26675427308543537 0.90320560981718 0.448638372096861 0.8133535660091047
7986 1977
5 123.8732455810532 0.26533848074871946 0.9023290758827949 0.4580559043734738 0.8517956499747091
7986 1977
6 123.66318165231496 0.27712910217269154 0.8994490358126722 0.3814529738886886 0.8689934243803743
7986 1977
7 123.58231004048139 0.2667144691021616 0.905083896819434 0.33261786184952485 0.8791097622660596
7986 1977
8 123.82839132938534 0.2627382177981762 0.9059604307538192 0.4119059498948043 0.8376327769347496
7986 1977
9 124.11385131813586 0.27489168624396676 0.9018281993488605 0.4608019015134195 0.855336368234699
7986 1977
7986 1977
Training complete...
Saving model...
Generating figure...
