Loading data...
Beginning to train...
0 126.52899622358382 0.35385531185564767 0.8812922614575507 0.40221581684560204 0.8598887202832575
7986 1977
1 125.7716400725767 0.30562317019084506 0.8899323816679189 0.5591050708722031 0.8351036924633283
7986 1977
2 124.60033628996462 0.2547955941935992 0.9062108690207864 0.3813125304218248 0.86848760748609
7986 1977
3 124.33574280980974 0.25521012779438135 0.9075882794891059 0.6475813423495854 0.8285280728376327
7986 1977
4 124.3235150296241 0.2372989224112783 0.9142248935637365 0.34950192540235814 0.8942842690945878
7986 1977
5 125.42261660750955 0.22663506602781205 0.9153518657650889 0.4378319108311311 0.8614061709661103
7986 1977
6 125.2421880979091 0.23957523640880543 0.9146005509641874 0.40032051754649023 0.8548305513404147
7986 1977
7 125.0288651753217 0.21682788391713956 0.9218632607062359 0.35085850345045255 0.8725341426403642
7986 1977
8 125.63510926440358 0.19495136379419398 0.9246180816428751 0.32302241230107465 0.8922610015174507
7986 1977
9 125.48190305382013 0.2037397793830262 0.9247433007763586 0.2538879478466167 0.9013657056145675
7986 1977
7986 1977
Training complete...
Saving model...
Generating figure...
