Loading data...
Beginning to train...
0 127.12682144436985 0.35353335179901646 0.8772852491860756 0.4562731389150393 0.8315629742033384
7986 1977
1 126.35393603332341 0.2916315781078988 0.8964437766090658 0.33578638015639983 0.8765806777946383
7986 1977
2 125.18321758788079 0.27632917589541817 0.9058352116203355 1.0167572983118036 0.8088012139605463
7986 1977
3 124.94591649342328 0.2783345935743553 0.9009516654144754 0.3095917373398186 0.8821446636317652
7986 1977
4 124.98964059632272 0.26409213041530766 0.9034560480841473 0.4449774722408995 0.842185128983308
7986 1977
5 126.08201878983527 0.2583520513204235 0.9064613072877535 0.3965986232053287 0.8811330298431967
7986 1977
6 125.80099786352366 0.25982734787861206 0.9054595542198848 0.27714267199728065 0.8846737481031867
7986 1977
7 125.61180905718356 0.23592878153770155 0.9117205108940646 0.2934718592997808 0.8932726353060192
7986 1977
8 126.3668457409367 0.2512738313959739 0.9089656899574255 0.3281114630525499 0.8694992412746586
7986 1977
9 126.06033402774483 0.2311658500998115 0.9173553719008265 0.3569092865417145 0.8735457764289327
7986 1977
7986 1977
Training complete...
Saving model...
Generating figure...
