Loading data...
Beginning to train...
0 291.712581243366 0.30433841218025454 0.8890838709677419 0.38274218530676934 0.8618227635447291
19375 4762
1 290.7101076878607 0.23218417665112404 0.9153032258064516 0.4299607931666392 0.8456530869382612
19375 4762
2 290.5334415528923 0.22615856513361776 0.9143741935483871 0.35866382968420746 0.8561528769424611
19375 4762
3 290.5051191858947 0.22549369529293428 0.915974193548387 0.369310773392777 0.8515329693406132
19375 4762
4 290.58659089449793 0.209625402404416 0.9222193548387096 0.4059023515410105 0.8561528769424611
19375 4762
5 290.36862288601696 0.21949352560658608 0.9195354838709677 0.3857427887534054 0.862662746745065
19375 4762
6 290.9717256547883 0.21660220017586984 0.9172645161290323 0.34706955459727706 0.871902561948761
19375 4762
7 290.77386767510325 0.2043642620486598 0.923458064516129 0.40777547169963335 0.8622427551448971
19375 4762
8 285.7897075591609 0.20101268890442386 0.9260903225806452 0.370504734196717 0.8588828223435532
19375 4762
9 286.07019051071256 0.2134641301278145 0.9202064516129033 0.3745044402868895 0.8609827803443931
19375 4762
19375 4762
Training complete...
Saving model...
Generating figure...
